Build started 2/26/2017 6:09:26 PM.
     1>Project "C:\Users\Tuan Linh\documents\visual studio 2010\Projects\WinrarRansomware\WinrarRansomware\WinrarRansomware.vcxproj" on node 2 (build target(s)).
     1>InitializeBuildStatus:
         Creating "Release\WinrarRansomware.unsuccessfulbuild" because "AlwaysCreate" was specified.
       ClCompile:
         C:\Program Files (x86)\Microsoft Visual Studio 10.0\VC\bin\CL.exe /c /Zi /nologo /W3 /WX- /O2 /Oi /Oy- /GL /D _MBCS /Gm- /EHsc /MD /GS /Gy /fp:precise /Zc:wchar_t /Zc:forScope /Fo"Release\\" /Fd"Release\vc100.pdb" /Gd /TP /analyze- /errorReport:prompt main.cpp
         main.cpp
     1>main.cpp(47): warning C4996: 'strcat': This function or variable may be unsafe. Consider using strcat_s instead. To disable deprecation, use _CRT_SECURE_NO_WARNINGS. See online help for details.
                 C:\Program Files (x86)\Microsoft Visual Studio 10.0\VC\include\string.h(110) : see declaration of 'strcat'
     1>main.cpp(48): warning C4996: 'strcat': This function or variable may be unsafe. Consider using strcat_s instead. To disable deprecation, use _CRT_SECURE_NO_WARNINGS. See online help for details.
                 C:\Program Files (x86)\Microsoft Visual Studio 10.0\VC\include\string.h(110) : see declaration of 'strcat'
     1>main.cpp(49): warning C4996: 'strcat': This function or variable may be unsafe. Consider using strcat_s instead. To disable deprecation, use _CRT_SECURE_NO_WARNINGS. See online help for details.
                 C:\Program Files (x86)\Microsoft Visual Studio 10.0\VC\include\string.h(110) : see declaration of 'strcat'
     1>main.cpp(66): warning C4305: 'argument' : truncation from '__int64' to 'DWORD'
     1>main.cpp(66): warning C4309: 'argument' : truncation of constant value
     1>main.cpp(95): warning C4244: 'argument' : conversion from 'time_t' to 'unsigned int', possible loss of data
     1>main.cpp(96): warning C4101: 'ascii' : unreferenced local variable
       Link:
         C:\Program Files (x86)\Microsoft Visual Studio 10.0\VC\bin\link.exe /ERRORREPORT:PROMPT /OUT:"C:\Users\Tuan Linh\documents\visual studio 2010\Projects\WinrarRansomware\Release\WinrarRansomware.exe" /NOLOGO kernel32.lib user32.lib gdi32.lib winspool.lib comdlg32.lib advapi32.lib shell32.lib ole32.lib oleaut32.lib uuid.lib odbc32.lib odbccp32.lib /MANIFEST /ManifestFile:"Release\WinrarRansomware.exe.intermediate.manifest" /MANIFESTUAC:"level='asInvoker' uiAccess='false'" /DEBUG /PDB:"C:\Users\Tuan Linh\documents\visual studio 2010\Projects\WinrarRansomware\Release\WinrarRansomware.pdb" /SUBSYSTEM:WINDOWS /OPT:REF /OPT:ICF /LTCG /TLBID:1 /ENTRY:"main" /DYNAMICBASE /NXCOMPAT /IMPLIB:"C:\Users\Tuan Linh\documents\visual studio 2010\Projects\WinrarRansomware\Release\WinrarRansomware.lib" /MACHINE:X86 Release\main.obj
         Generating code
         Finished generating code
     1>msvcprt.lib(locale0_implib.obj) : warning LNK4210: .CRT section exists; there may be unhandled static initializers or terminators
         WinrarRansomware.vcxproj -> C:\Users\Tuan Linh\documents\visual studio 2010\Projects\WinrarRansomware\Release\WinrarRansomware.exe
       Manifest:
         C:\Program Files (x86)\Microsoft SDKs\Windows\v7.0A\bin\mt.exe /nologo /verbose /outputresource:"C:\Users\Tuan Linh\documents\visual studio 2010\Projects\WinrarRansomware\Release\WinrarRansomware.exe;#1" /manifest Release\WinrarRansomware.exe.intermediate.manifest
       FinalizeBuildStatus:
         Deleting file "Release\WinrarRansomware.unsuccessfulbuild".
         Touching "Release\WinrarRansomware.lastbuildstate".
     1>Done Building Project "C:\Users\Tuan Linh\documents\visual studio 2010\Projects\WinrarRansomware\WinrarRansomware\WinrarRansomware.vcxproj" (build target(s)).

Build succeeded.

Time Elapsed 00:00:01.26
